/*C3*/SET SCHEMA PUBLIC
ALTER TABLE SURVEYDATA ALTER COLUMN ID RESTART WITH 1 
DISCONNECT
/*C4*/SET SCHEMA PUBLIC
DISCONNECT
/*C5*/SET SCHEMA PUBLIC
DISCONNECT
/*C6*/SET SCHEMA PUBLIC
DISCONNECT
/*C7*/SET SCHEMA PUBLIC
DISCONNECT
/*C8*/SET SCHEMA PUBLIC
INSERT INTO SURVEYDATA VALUES(1,'1. What is 2+2?','2')
COMMIT
DISCONNECT
/*C9*/SET SCHEMA PUBLIC
INSERT INTO SURVEYDATA VALUES(2,'2. What is 2+3?','2')
COMMIT
DISCONNECT
/*C10*/SET SCHEMA PUBLIC
INSERT INTO SURVEYDATA VALUES(3,'3. What is 2+4?','2')
COMMIT
DISCONNECT
/*C11*/SET SCHEMA PUBLIC
INSERT INTO SURVEYDATA VALUES(4,'4. What is 2+5?','2')
COMMIT
DISCONNECT
/*C12*/SET SCHEMA PUBLIC
INSERT INTO SURVEYDATA VALUES(5,'5. What is 2+6?','2')
COMMIT
DISCONNECT
/*C13*/SET SCHEMA PUBLIC
INSERT INTO SURVEYDATA VALUES(6,'6. What is 2+7?','2')
COMMIT
DISCONNECT
/*C14*/SET SCHEMA PUBLIC
INSERT INTO SURVEYDATA VALUES(7,'7. What is 2+8?','2')
COMMIT
DISCONNECT
/*C15*/SET SCHEMA PUBLIC
INSERT INTO SURVEYDATA VALUES(8,'8. What is 2+9?','2')
COMMIT
DISCONNECT
/*C16*/SET SCHEMA PUBLIC
INSERT INTO SURVEYDATA VALUES(9,'9. What is 3+2?','2')
COMMIT
DISCONNECT
/*C17*/SET SCHEMA PUBLIC
INSERT INTO SURVEYDATA VALUES(10,'10. What is 4+2?','2')
COMMIT
DISCONNECT
/*C18*/SET SCHEMA PUBLIC
INSERT INTO SURVEYDATA VALUES(11,'11. What is 5+2?','2')
COMMIT
DISCONNECT
/*C19*/SET SCHEMA PUBLIC
INSERT INTO SURVEYDATA VALUES(12,'12. What is 6+2?','2')
COMMIT
DISCONNECT
/*C20*/SET SCHEMA PUBLIC
INSERT INTO SURVEYDATA VALUES(13,'13. What is 7+2?','2')
COMMIT
DISCONNECT
/*C21*/SET SCHEMA PUBLIC
INSERT INTO SURVEYDATA VALUES(14,'14. What is 8+2?','2')
COMMIT
DISCONNECT
/*C22*/SET SCHEMA PUBLIC
INSERT INTO SURVEYDATA VALUES(15,'15. What is 9+2?','2')
COMMIT
DISCONNECT
/*C23*/SET SCHEMA PUBLIC
DISCONNECT
/*C24*/SET SCHEMA PUBLIC
DISCONNECT
/*C25*/SET SCHEMA PUBLIC
DISCONNECT
/*C26*/SET SCHEMA PUBLIC
DISCONNECT
/*C27*/SET SCHEMA PUBLIC
DISCONNECT
/*C28*/SET SCHEMA PUBLIC
DISCONNECT
/*C29*/SET SCHEMA PUBLIC
DISCONNECT
/*C30*/SET SCHEMA PUBLIC
DISCONNECT
/*C31*/SET SCHEMA PUBLIC
DISCONNECT
/*C32*/SET SCHEMA PUBLIC
DISCONNECT
/*C33*/SET SCHEMA PUBLIC
DISCONNECT
/*C34*/SET SCHEMA PUBLIC
DISCONNECT
/*C35*/SET SCHEMA PUBLIC
DISCONNECT
/*C36*/SET SCHEMA PUBLIC
DISCONNECT
/*C37*/SET SCHEMA PUBLIC
DISCONNECT
/*C38*/SET SCHEMA PUBLIC
DISCONNECT
/*C39*/SET SCHEMA PUBLIC
DISCONNECT
/*C40*/SET SCHEMA PUBLIC
DISCONNECT
/*C41*/SET SCHEMA PUBLIC
DISCONNECT
/*C42*/SET SCHEMA PUBLIC
DISCONNECT
/*C43*/SET SCHEMA PUBLIC
DISCONNECT
/*C44*/SET SCHEMA PUBLIC
DISCONNECT
/*C45*/SET SCHEMA PUBLIC
DISCONNECT
/*C46*/SET SCHEMA PUBLIC
DISCONNECT
/*C47*/SET SCHEMA PUBLIC
DISCONNECT
/*C48*/SET SCHEMA PUBLIC
DISCONNECT
/*C49*/SET SCHEMA PUBLIC
DISCONNECT
/*C50*/SET SCHEMA PUBLIC
DISCONNECT
/*C51*/SET SCHEMA PUBLIC
DISCONNECT
/*C52*/SET SCHEMA PUBLIC
DISCONNECT
/*C53*/SET SCHEMA PUBLIC
DISCONNECT
/*C54*/SET SCHEMA PUBLIC
DISCONNECT
/*C55*/SET SCHEMA PUBLIC
DISCONNECT
/*C56*/SET SCHEMA PUBLIC
DISCONNECT
/*C57*/SET SCHEMA PUBLIC
DISCONNECT
/*C58*/SET SCHEMA PUBLIC
DISCONNECT
/*C59*/SET SCHEMA PUBLIC
DISCONNECT
/*C60*/SET SCHEMA PUBLIC
DISCONNECT
/*C61*/SET SCHEMA PUBLIC
DISCONNECT
/*C62*/SET SCHEMA PUBLIC
DISCONNECT
/*C63*/SET SCHEMA PUBLIC
DISCONNECT
/*C64*/SET SCHEMA PUBLIC
DISCONNECT
/*C65*/SET SCHEMA PUBLIC
DISCONNECT
/*C66*/SET SCHEMA PUBLIC
DISCONNECT
/*C67*/SET SCHEMA PUBLIC
DISCONNECT
/*C68*/SET SCHEMA PUBLIC
DISCONNECT
/*C69*/SET SCHEMA PUBLIC
DISCONNECT
